[debug] [2020-09-28T01:24:15.004Z] ----------------------------------------------------------------------
[debug] [2020-09-28T01:24:15.005Z] Command:       /usr/local/bin/node /usr/local/bin/firebase deploy
[debug] [2020-09-28T01:24:15.005Z] CLI Version:   8.11.2
[debug] [2020-09-28T01:24:15.006Z] Platform:      darwin
[debug] [2020-09-28T01:24:15.006Z] Node Version:  v12.16.3
[debug] [2020-09-28T01:24:15.006Z] Time:          Mon Sep 28 2020 10:24:15 GMT+0900 (GMT+09:00)
[debug] [2020-09-28T01:24:15.007Z] ----------------------------------------------------------------------
[debug] [2020-09-28T01:24:15.007Z] 
[debug] [2020-09-28T01:24:15.015Z] > command requires scopes: ["email","openid","https://www.googleapis.com/auth/cloudplatformprojects.readonly","https://www.googleapis.com/auth/firebase","https://www.googleapis.com/auth/cloud-platform"]
[debug] [2020-09-28T01:24:15.015Z] > authorizing via signed-in user
[debug] [2020-09-28T01:24:15.016Z] [iam] checking project health100-51c29 for permissions ["firebase.projects.get","firebasehosting.sites.update"]
[debug] [2020-09-28T01:24:15.019Z] >>> HTTP REQUEST POST https://cloudresourcemanager.googleapis.com/v1/projects/health100-51c29:testIamPermissions  
 {"permissions":["firebase.projects.get","firebasehosting.sites.update"]}
[debug] [2020-09-28T01:24:15.933Z] <<< HTTP RESPONSE 200 {"content-type":"application/json; charset=UTF-8","vary":"X-Origin, Referer, Origin,Accept-Encoding","date":"Mon, 28 Sep 2020 01:24:15 GMT","server":"ESF","cache-control":"private","x-xss-protection":"0","x-frame-options":"SAMEORIGIN","x-content-type-options":"nosniff","server-timing":"gfet4t7; dur=569","alt-svc":"h3-Q050=\":443\"; ma=2592000,h3-29=\":443\"; ma=2592000,h3-27=\":443\"; ma=2592000,h3-T051=\":443\"; ma=2592000,h3-T050=\":443\"; ma=2592000,h3-Q046=\":443\"; ma=2592000,h3-Q043=\":443\"; ma=2592000,quic=\":443\"; ma=2592000; v=\"46,43\"","accept-ranges":"none","transfer-encoding":"chunked"}
[debug] [2020-09-28T01:24:15.936Z] >>> HTTP REQUEST GET https://firebase.googleapis.com/v1beta1/projects/health100-51c29  
 
[debug] [2020-09-28T01:24:16.615Z] <<< HTTP RESPONSE 200 {"content-type":"application/json; charset=UTF-8","vary":"X-Origin, Referer, Origin,Accept-Encoding","date":"Mon, 28 Sep 2020 01:24:16 GMT","server":"ESF","cache-control":"private","x-xss-protection":"0","x-frame-options":"SAMEORIGIN","x-content-type-options":"nosniff","alt-svc":"h3-Q050=\":443\"; ma=2592000,h3-29=\":443\"; ma=2592000,h3-27=\":443\"; ma=2592000,h3-T051=\":443\"; ma=2592000,h3-T050=\":443\"; ma=2592000,h3-Q046=\":443\"; ma=2592000,h3-Q043=\":443\"; ma=2592000,quic=\":443\"; ma=2592000; v=\"46,43\"","accept-ranges":"none","transfer-encoding":"chunked"}
[info] 
[info] === Deploying to 'health100-51c29'...
[info] 
[info] i  deploying hosting 
[debug] [2020-09-28T01:24:16.619Z] >>> HTTP REQUEST POST https://firebasehosting.googleapis.com/v1beta1/sites/health100-51c29/versions  
 {"config":{"rewrites":[{"glob":"**","path":"/index.html"}]},"labels":{"deployment-tool":"cli-firebase"}}
[debug] [2020-09-28T01:24:19.613Z] <<< HTTP RESPONSE 200 {"content-type":"application/json; charset=UTF-8","vary":"X-Origin, Referer, Origin,Accept-Encoding","date":"Mon, 28 Sep 2020 01:24:19 GMT","server":"ESF","cache-control":"private","x-xss-protection":"0","x-frame-options":"SAMEORIGIN","x-content-type-options":"nosniff","alt-svc":"h3-Q050=\":443\"; ma=2592000,h3-29=\":443\"; ma=2592000,h3-27=\":443\"; ma=2592000,h3-T051=\":443\"; ma=2592000,h3-T050=\":443\"; ma=2592000,h3-Q046=\":443\"; ma=2592000,h3-Q043=\":443\"; ma=2592000,quic=\":443\"; ma=2592000; v=\"46,43\"","accept-ranges":"none","transfer-encoding":"chunked"}
[info] i  hosting[health100-51c29]: beginning deploy... 
[info] i  hosting[health100-51c29]: found 29 files in build 
[debug] [2020-09-28T01:24:19.627Z] [hosting] hash cache [YnVpbGQ] not populated
[debug] [2020-09-28T01:24:20.070Z] [hosting] hash cache [YnVpbGQ] stored for 29 files
[debug] [2020-09-28T01:24:20.070Z] [hosting][hash queue][FINAL] {"max":428,"min":26,"avg":48.793103448275865,"active":0,"complete":29,"success":29,"errored":0,"retried":0,"total":29,"elapsed":443}
[debug] [2020-09-28T01:24:20.070Z] >>> HTTP REQUEST POST https://firebasehosting.googleapis.com/v1beta1/sites/health100-51c29/versions/257eeae8659a5cc4:populateFiles  
 <request body omitted>
[debug] [2020-09-28T01:24:21.345Z] <<< HTTP RESPONSE 200 {"content-type":"application/json; charset=UTF-8","vary":"X-Origin, Referer, Origin,Accept-Encoding","date":"Mon, 28 Sep 2020 01:24:21 GMT","server":"ESF","cache-control":"private","x-xss-protection":"0","x-frame-options":"SAMEORIGIN","x-content-type-options":"nosniff","alt-svc":"h3-Q050=\":443\"; ma=2592000,h3-29=\":443\"; ma=2592000,h3-27=\":443\"; ma=2592000,h3-T051=\":443\"; ma=2592000,h3-T050=\":443\"; ma=2592000,h3-Q046=\":443\"; ma=2592000,h3-Q043=\":443\"; ma=2592000,quic=\":443\"; ma=2592000; v=\"46,43\"","accept-ranges":"none","transfer-encoding":"chunked"}
[debug] [2020-09-28T01:24:21.361Z] [hosting][populate queue][FINAL] {"max":1278,"min":1278,"avg":1278,"active":0,"complete":1,"success":1,"errored":0,"retried":0,"total":1,"elapsed":1292}
[debug] [2020-09-28T01:24:21.361Z] [hosting] uploads queued: 29
